2018-01-22 13:55:40 Error: [InvalidArgumentException] There was a problem connecting to the database: SQLSTATE[HY000] [1045] Access denied for user 'my_app'@'localhost' (using password: YES) in C:\wamp64\www\pet_store\vendor\robmorgan\phinx\src\Phinx\Db\Adapter\MysqlAdapter.php on line 115
Stack Trace:
#0 C:\wamp64\www\pet_store\vendor\robmorgan\phinx\src\Phinx\Db\Adapter\PdoAdapter.php(238): Phinx\Db\Adapter\MysqlAdapter->connect()
#1 C:\wamp64\www\pet_store\vendor\cakephp\migrations\src\CakeAdapter.php(57): Phinx\Db\Adapter\PdoAdapter->getConnection()
#2 C:\wamp64\www\pet_store\vendor\cakephp\migrations\src\Command\CommandTrait.php(78): Migrations\CakeAdapter->__construct(Object(Phinx\Db\Adapter\MysqlAdapter), Object(Cake\Database\Connection))
#3 C:\wamp64\www\pet_store\vendor\robmorgan\phinx\src\Phinx\Console\Command\Migrate.php(72): Migrations\Command\Migrate->bootstrap(Object(Symfony\Component\Console\Input\ArgvInput), Object(Symfony\Component\Console\Output\ConsoleOutput))
#4 C:\wamp64\www\pet_store\vendor\cakephp\migrations\src\Command\CommandTrait.php(35): Phinx\Console\Command\Migrate->execute(Object(Symfony\Component\Console\Input\ArgvInput), Object(Symfony\Component\Console\Output\ConsoleOutput))
#5 C:\wamp64\www\pet_store\vendor\cakephp\migrations\src\Command\Migrate.php(65): Migrations\Command\Migrate->parentExecute(Object(Symfony\Component\Console\Input\ArgvInput), Object(Symfony\Component\Console\Output\ConsoleOutput))
#6 C:\wamp64\www\pet_store\vendor\symfony\console\Command\Command.php(252): Migrations\Command\Migrate->execute(Object(Symfony\Component\Console\Input\ArgvInput), Object(Symfony\Component\Console\Output\ConsoleOutput))
#7 C:\wamp64\www\pet_store\vendor\symfony\console\Application.php(938): Symfony\Component\Console\Command\Command->run(Object(Symfony\Component\Console\Input\ArgvInput), Object(Symfony\Component\Console\Output\ConsoleOutput))
#8 C:\wamp64\www\pet_store\vendor\symfony\console\Application.php(240): Symfony\Component\Console\Application->doRunCommand(Object(Migrations\Command\Migrate), Object(Symfony\Component\Console\Input\ArgvInput), Object(Symfony\Component\Console\Output\ConsoleOutput))
#9 C:\wamp64\www\pet_store\vendor\symfony\console\Application.php(148): Symfony\Component\Console\Application->doRun(Object(Symfony\Component\Console\Input\ArgvInput), Object(Symfony\Component\Console\Output\ConsoleOutput))
#10 C:\wamp64\www\pet_store\vendor\cakephp\migrations\src\Shell\MigrationsShell.php(108): Symfony\Component\Console\Application->run(Object(Symfony\Component\Console\Input\ArgvInput), Object(Symfony\Component\Console\Output\ConsoleOutput))
#11 C:\wamp64\www\pet_store\vendor\cakephp\cakephp\src\Console\Shell.php(507): Migrations\Shell\MigrationsShell->main('migrations', 'migrate')
#12 C:\wamp64\www\pet_store\vendor\cakephp\migrations\src\Shell\MigrationsShell.php(164): Cake\Console\Shell->runCommand(Array, true, Array)
#13 C:\wamp64\www\pet_store\vendor\cakephp\cakephp\src\Console\CommandRunner.php(141): Migrations\Shell\MigrationsShell->runCommand(Array, true)
#14 C:\wamp64\www\pet_store\bin\cake.php(12): Cake\Console\CommandRunner->run(Array)
#15 {main}


2018-01-22 14:02:15 Error: [InvalidArgumentException] There was a problem connecting to the database: SQLSTATE[HY000] [1045] Access denied for user 'my_app'@'localhost' (using password: YES) in C:\wamp64\www\pet_store\vendor\robmorgan\phinx\src\Phinx\Db\Adapter\MysqlAdapter.php on line 115
Stack Trace:
#0 C:\wamp64\www\pet_store\vendor\robmorgan\phinx\src\Phinx\Db\Adapter\PdoAdapter.php(238): Phinx\Db\Adapter\MysqlAdapter->connect()
#1 C:\wamp64\www\pet_store\vendor\cakephp\migrations\src\CakeAdapter.php(57): Phinx\Db\Adapter\PdoAdapter->getConnection()
#2 C:\wamp64\www\pet_store\vendor\cakephp\migrations\src\Command\CommandTrait.php(78): Migrations\CakeAdapter->__construct(Object(Phinx\Db\Adapter\MysqlAdapter), Object(Cake\Database\Connection))
#3 C:\wamp64\www\pet_store\vendor\robmorgan\phinx\src\Phinx\Console\Command\Migrate.php(72): Migrations\Command\Migrate->bootstrap(Object(Symfony\Component\Console\Input\ArgvInput), Object(Symfony\Component\Console\Output\ConsoleOutput))
#4 C:\wamp64\www\pet_store\vendor\cakephp\migrations\src\Command\CommandTrait.php(35): Phinx\Console\Command\Migrate->execute(Object(Symfony\Component\Console\Input\ArgvInput), Object(Symfony\Component\Console\Output\ConsoleOutput))
#5 C:\wamp64\www\pet_store\vendor\cakephp\migrations\src\Command\Migrate.php(65): Migrations\Command\Migrate->parentExecute(Object(Symfony\Component\Console\Input\ArgvInput), Object(Symfony\Component\Console\Output\ConsoleOutput))
#6 C:\wamp64\www\pet_store\vendor\symfony\console\Command\Command.php(252): Migrations\Command\Migrate->execute(Object(Symfony\Component\Console\Input\ArgvInput), Object(Symfony\Component\Console\Output\ConsoleOutput))
#7 C:\wamp64\www\pet_store\vendor\symfony\console\Application.php(938): Symfony\Component\Console\Command\Command->run(Object(Symfony\Component\Console\Input\ArgvInput), Object(Symfony\Component\Console\Output\ConsoleOutput))
#8 C:\wamp64\www\pet_store\vendor\symfony\console\Application.php(240): Symfony\Component\Console\Application->doRunCommand(Object(Migrations\Command\Migrate), Object(Symfony\Component\Console\Input\ArgvInput), Object(Symfony\Component\Console\Output\ConsoleOutput))
#9 C:\wamp64\www\pet_store\vendor\symfony\console\Application.php(148): Symfony\Component\Console\Application->doRun(Object(Symfony\Component\Console\Input\ArgvInput), Object(Symfony\Component\Console\Output\ConsoleOutput))
#10 C:\wamp64\www\pet_store\vendor\cakephp\migrations\src\Shell\MigrationsShell.php(108): Symfony\Component\Console\Application->run(Object(Symfony\Component\Console\Input\ArgvInput), Object(Symfony\Component\Console\Output\ConsoleOutput))
#11 C:\wamp64\www\pet_store\vendor\cakephp\cakephp\src\Console\Shell.php(507): Migrations\Shell\MigrationsShell->main('migrations', 'migrate')
#12 C:\wamp64\www\pet_store\vendor\cakephp\migrations\src\Shell\MigrationsShell.php(164): Cake\Console\Shell->runCommand(Array, true, Array)
#13 C:\wamp64\www\pet_store\vendor\cakephp\cakephp\src\Console\CommandRunner.php(141): Migrations\Shell\MigrationsShell->runCommand(Array, true)
#14 C:\wamp64\www\pet_store\bin\cake.php(12): Cake\Console\CommandRunner->run(Array)
#15 {main}


2018-01-22 14:03:46 Error: [InvalidArgumentException] There was a problem connecting to the database: SQLSTATE[HY000] [1045] Access denied for user 'my_app'@'localhost' (using password: YES) in C:\wamp64\www\pet_store\vendor\robmorgan\phinx\src\Phinx\Db\Adapter\MysqlAdapter.php on line 115
Stack Trace:
#0 C:\wamp64\www\pet_store\vendor\robmorgan\phinx\src\Phinx\Db\Adapter\PdoAdapter.php(238): Phinx\Db\Adapter\MysqlAdapter->connect()
#1 C:\wamp64\www\pet_store\vendor\cakephp\migrations\src\CakeAdapter.php(57): Phinx\Db\Adapter\PdoAdapter->getConnection()
#2 C:\wamp64\www\pet_store\vendor\cakephp\migrations\src\Command\CommandTrait.php(78): Migrations\CakeAdapter->__construct(Object(Phinx\Db\Adapter\MysqlAdapter), Object(Cake\Database\Connection))
#3 C:\wamp64\www\pet_store\vendor\robmorgan\phinx\src\Phinx\Console\Command\Migrate.php(72): Migrations\Command\Migrate->bootstrap(Object(Symfony\Component\Console\Input\ArgvInput), Object(Symfony\Component\Console\Output\ConsoleOutput))
#4 C:\wamp64\www\pet_store\vendor\cakephp\migrations\src\Command\CommandTrait.php(35): Phinx\Console\Command\Migrate->execute(Object(Symfony\Component\Console\Input\ArgvInput), Object(Symfony\Component\Console\Output\ConsoleOutput))
#5 C:\wamp64\www\pet_store\vendor\cakephp\migrations\src\Command\Migrate.php(65): Migrations\Command\Migrate->parentExecute(Object(Symfony\Component\Console\Input\ArgvInput), Object(Symfony\Component\Console\Output\ConsoleOutput))
#6 C:\wamp64\www\pet_store\vendor\symfony\console\Command\Command.php(252): Migrations\Command\Migrate->execute(Object(Symfony\Component\Console\Input\ArgvInput), Object(Symfony\Component\Console\Output\ConsoleOutput))
#7 C:\wamp64\www\pet_store\vendor\symfony\console\Application.php(938): Symfony\Component\Console\Command\Command->run(Object(Symfony\Component\Console\Input\ArgvInput), Object(Symfony\Component\Console\Output\ConsoleOutput))
#8 C:\wamp64\www\pet_store\vendor\symfony\console\Application.php(240): Symfony\Component\Console\Application->doRunCommand(Object(Migrations\Command\Migrate), Object(Symfony\Component\Console\Input\ArgvInput), Object(Symfony\Component\Console\Output\ConsoleOutput))
#9 C:\wamp64\www\pet_store\vendor\symfony\console\Application.php(148): Symfony\Component\Console\Application->doRun(Object(Symfony\Component\Console\Input\ArgvInput), Object(Symfony\Component\Console\Output\ConsoleOutput))
#10 C:\wamp64\www\pet_store\vendor\cakephp\migrations\src\Shell\MigrationsShell.php(108): Symfony\Component\Console\Application->run(Object(Symfony\Component\Console\Input\ArgvInput), Object(Symfony\Component\Console\Output\ConsoleOutput))
#11 C:\wamp64\www\pet_store\vendor\cakephp\cakephp\src\Console\Shell.php(507): Migrations\Shell\MigrationsShell->main('migrations', 'migrate')
#12 C:\wamp64\www\pet_store\vendor\cakephp\migrations\src\Shell\MigrationsShell.php(164): Cake\Console\Shell->runCommand(Array, true, Array)
#13 C:\wamp64\www\pet_store\vendor\cakephp\cakephp\src\Console\CommandRunner.php(141): Migrations\Shell\MigrationsShell->runCommand(Array, true)
#14 C:\wamp64\www\pet_store\bin\cake.php(12): Cake\Console\CommandRunner->run(Array)
#15 {main}


2018-01-22 14:05:24 Error: [InvalidArgumentException] Could not find class "Data" in file "C:\wamp64\www\pet_store\config\Migrations\20180122_data.php" in C:\wamp64\www\pet_store\vendor\robmorgan\phinx\src\Phinx\Migration\Manager.php on line 670
Stack Trace:
#0 C:\wamp64\www\pet_store\vendor\robmorgan\phinx\src\Phinx\Migration\Manager.php(297): Phinx\Migration\Manager->getMigrations()
#1 C:\wamp64\www\pet_store\vendor\robmorgan\phinx\src\Phinx\Console\Command\Migrate.php(113): Phinx\Migration\Manager->migrate('default', NULL)
#2 C:\wamp64\www\pet_store\vendor\cakephp\migrations\src\Command\CommandTrait.php(35): Phinx\Console\Command\Migrate->execute(Object(Symfony\Component\Console\Input\ArgvInput), Object(Symfony\Component\Console\Output\ConsoleOutput))
#3 C:\wamp64\www\pet_store\vendor\cakephp\migrations\src\Command\Migrate.php(65): Migrations\Command\Migrate->parentExecute(Object(Symfony\Component\Console\Input\ArgvInput), Object(Symfony\Component\Console\Output\ConsoleOutput))
#4 C:\wamp64\www\pet_store\vendor\symfony\console\Command\Command.php(252): Migrations\Command\Migrate->execute(Object(Symfony\Component\Console\Input\ArgvInput), Object(Symfony\Component\Console\Output\ConsoleOutput))
#5 C:\wamp64\www\pet_store\vendor\symfony\console\Application.php(938): Symfony\Component\Console\Command\Command->run(Object(Symfony\Component\Console\Input\ArgvInput), Object(Symfony\Component\Console\Output\ConsoleOutput))
#6 C:\wamp64\www\pet_store\vendor\symfony\console\Application.php(240): Symfony\Component\Console\Application->doRunCommand(Object(Migrations\Command\Migrate), Object(Symfony\Component\Console\Input\ArgvInput), Object(Symfony\Component\Console\Output\ConsoleOutput))
#7 C:\wamp64\www\pet_store\vendor\symfony\console\Application.php(148): Symfony\Component\Console\Application->doRun(Object(Symfony\Component\Console\Input\ArgvInput), Object(Symfony\Component\Console\Output\ConsoleOutput))
#8 C:\wamp64\www\pet_store\vendor\cakephp\migrations\src\Shell\MigrationsShell.php(108): Symfony\Component\Console\Application->run(Object(Symfony\Component\Console\Input\ArgvInput), Object(Symfony\Component\Console\Output\ConsoleOutput))
#9 C:\wamp64\www\pet_store\vendor\cakephp\cakephp\src\Console\Shell.php(507): Migrations\Shell\MigrationsShell->main('migrations', 'migrate')
#10 C:\wamp64\www\pet_store\vendor\cakephp\migrations\src\Shell\MigrationsShell.php(164): Cake\Console\Shell->runCommand(Array, true, Array)
#11 C:\wamp64\www\pet_store\vendor\cakephp\cakephp\src\Console\CommandRunner.php(141): Migrations\Shell\MigrationsShell->runCommand(Array, true)
#12 C:\wamp64\www\pet_store\bin\cake.php(12): Cake\Console\CommandRunner->run(Array)
#13 {main}


2018-01-22 14:26:50 Error: [PDOException] SQLSTATE[42000]: Syntax error or access violation: 1064 You have an error in your SQL syntax; check the manual that corresponds to your MySQL server version for the right syntax to use near '' at line 1 in C:\wamp64\www\pet_store\vendor\robmorgan\phinx\src\Phinx\Db\Adapter\PdoAdapter.php on line 338
Stack Trace:
#0 C:\wamp64\www\pet_store\vendor\robmorgan\phinx\src\Phinx\Db\Adapter\PdoAdapter.php(338): PDO->exec('INSERT INTO `co...')
#1 C:\wamp64\www\pet_store\vendor\cakephp\migrations\src\CakeAdapter.php(355): Phinx\Db\Adapter\PdoAdapter->execute('INSERT INTO `co...')
#2 C:\wamp64\www\pet_store\vendor\robmorgan\phinx\src\Phinx\Migration\AbstractMigration.php(192): Migrations\CakeAdapter->execute('INSERT INTO `co...')
#3 C:\wamp64\www\pet_store\config\Migrations\20180122_initial.php(36): Phinx\Migration\AbstractMigration->execute('INSERT INTO `co...')
#4 C:\wamp64\www\pet_store\vendor\robmorgan\phinx\src\Phinx\Migration\Manager\Environment.php(125): Initial->up()
#5 C:\wamp64\www\pet_store\vendor\robmorgan\phinx\src\Phinx\Migration\Manager.php(366): Phinx\Migration\Manager\Environment->executeMigration(Object(Initial), 'up')
#6 C:\wamp64\www\pet_store\vendor\robmorgan\phinx\src\Phinx\Migration\Manager.php(342): Phinx\Migration\Manager->executeMigration('default', Object(Initial), 'up')
#7 C:\wamp64\www\pet_store\vendor\robmorgan\phinx\src\Phinx\Console\Command\Migrate.php(113): Phinx\Migration\Manager->migrate('default', 20180122)
#8 C:\wamp64\www\pet_store\vendor\cakephp\migrations\src\Command\CommandTrait.php(35): Phinx\Console\Command\Migrate->execute(Object(Symfony\Component\Console\Input\ArgvInput), Object(Symfony\Component\Console\Output\ConsoleOutput))
#9 C:\wamp64\www\pet_store\vendor\cakephp\migrations\src\Command\Migrate.php(65): Migrations\Command\Migrate->parentExecute(Object(Symfony\Component\Console\Input\ArgvInput), Object(Symfony\Component\Console\Output\ConsoleOutput))
#10 C:\wamp64\www\pet_store\vendor\symfony\console\Command\Command.php(252): Migrations\Command\Migrate->execute(Object(Symfony\Component\Console\Input\ArgvInput), Object(Symfony\Component\Console\Output\ConsoleOutput))
#11 C:\wamp64\www\pet_store\vendor\symfony\console\Application.php(938): Symfony\Component\Console\Command\Command->run(Object(Symfony\Component\Console\Input\ArgvInput), Object(Symfony\Component\Console\Output\ConsoleOutput))
#12 C:\wamp64\www\pet_store\vendor\symfony\console\Application.php(240): Symfony\Component\Console\Application->doRunCommand(Object(Migrations\Command\Migrate), Object(Symfony\Component\Console\Input\ArgvInput), Object(Symfony\Component\Console\Output\ConsoleOutput))
#13 C:\wamp64\www\pet_store\vendor\symfony\console\Application.php(148): Symfony\Component\Console\Application->doRun(Object(Symfony\Component\Console\Input\ArgvInput), Object(Symfony\Component\Console\Output\ConsoleOutput))
#14 C:\wamp64\www\pet_store\vendor\cakephp\migrations\src\Shell\MigrationsShell.php(108): Symfony\Component\Console\Application->run(Object(Symfony\Component\Console\Input\ArgvInput), Object(Symfony\Component\Console\Output\ConsoleOutput))
#15 C:\wamp64\www\pet_store\vendor\cakephp\cakephp\src\Console\Shell.php(507): Migrations\Shell\MigrationsShell->main('migrations', 'migrate')
#16 C:\wamp64\www\pet_store\vendor\cakephp\migrations\src\Shell\MigrationsShell.php(164): Cake\Console\Shell->runCommand(Array, true, Array)
#17 C:\wamp64\www\pet_store\vendor\cakephp\cakephp\src\Console\CommandRunner.php(141): Migrations\Shell\MigrationsShell->runCommand(Array, true)
#18 C:\wamp64\www\pet_store\bin\cake.php(12): Cake\Console\CommandRunner->run(Array)
#19 {main}


2018-01-22 14:26:50 Warning: The connection is going to be closed but there is an active transaction.
2018-01-22 14:26:50 Warning: Warning (2): fwrite(): supplied resource is not a valid stream resource in [C:\wamp64\www\pet_store\vendor\cakephp\cakephp\src\Console\ConsoleOutput.php, line 253]
Trace:
Cake\Error\BaseErrorHandler::handleError() - CORE\src\Error\BaseErrorHandler.php, line 153
fwrite - [internal], line ??
Cake\Console\ConsoleOutput::_write() - CORE\src\Console\ConsoleOutput.php, line 253
Cake\Console\ConsoleOutput::write() - CORE\src\Console\ConsoleOutput.php, line 188
Cake\Log\Engine\ConsoleLog::log() - CORE\src\Log\Engine\ConsoleLog.php, line 94
Cake\Log\Log::write() - CORE\src\Log\Log.php, line 384
Cake\Log\Log::warning() - CORE\src\Log\Log.php, line 469
Cake\Database\Connection::__destruct() - CORE\src\Database\Connection.php, line 133
[main] - [internal], line ??



2018-01-22 14:27:55 Error: [PDOException] SQLSTATE[42000]: Syntax error or access violation: 1064 You have an error in your SQL syntax; check the manual that corresponds to your MySQL server version for the right syntax to use near '' at line 1 in C:\wamp64\www\pet_store\vendor\robmorgan\phinx\src\Phinx\Db\Adapter\PdoAdapter.php on line 338
Stack Trace:
#0 C:\wamp64\www\pet_store\vendor\robmorgan\phinx\src\Phinx\Db\Adapter\PdoAdapter.php(338): PDO->exec('INSERT INTO `pe...')
#1 C:\wamp64\www\pet_store\vendor\cakephp\migrations\src\CakeAdapter.php(355): Phinx\Db\Adapter\PdoAdapter->execute('INSERT INTO `pe...')
#2 C:\wamp64\www\pet_store\vendor\robmorgan\phinx\src\Phinx\Migration\AbstractMigration.php(192): Migrations\CakeAdapter->execute('INSERT INTO `pe...')
#3 C:\wamp64\www\pet_store\config\Migrations\20180122_initial.php(36): Phinx\Migration\AbstractMigration->execute('INSERT INTO `pe...')
#4 C:\wamp64\www\pet_store\vendor\robmorgan\phinx\src\Phinx\Migration\Manager\Environment.php(125): Initial->up()
#5 C:\wamp64\www\pet_store\vendor\robmorgan\phinx\src\Phinx\Migration\Manager.php(366): Phinx\Migration\Manager\Environment->executeMigration(Object(Initial), 'up')
#6 C:\wamp64\www\pet_store\vendor\robmorgan\phinx\src\Phinx\Migration\Manager.php(342): Phinx\Migration\Manager->executeMigration('default', Object(Initial), 'up')
#7 C:\wamp64\www\pet_store\vendor\robmorgan\phinx\src\Phinx\Console\Command\Migrate.php(113): Phinx\Migration\Manager->migrate('default', 20180122)
#8 C:\wamp64\www\pet_store\vendor\cakephp\migrations\src\Command\CommandTrait.php(35): Phinx\Console\Command\Migrate->execute(Object(Symfony\Component\Console\Input\ArgvInput), Object(Symfony\Component\Console\Output\ConsoleOutput))
#9 C:\wamp64\www\pet_store\vendor\cakephp\migrations\src\Command\Migrate.php(65): Migrations\Command\Migrate->parentExecute(Object(Symfony\Component\Console\Input\ArgvInput), Object(Symfony\Component\Console\Output\ConsoleOutput))
#10 C:\wamp64\www\pet_store\vendor\symfony\console\Command\Command.php(252): Migrations\Command\Migrate->execute(Object(Symfony\Component\Console\Input\ArgvInput), Object(Symfony\Component\Console\Output\ConsoleOutput))
#11 C:\wamp64\www\pet_store\vendor\symfony\console\Application.php(938): Symfony\Component\Console\Command\Command->run(Object(Symfony\Component\Console\Input\ArgvInput), Object(Symfony\Component\Console\Output\ConsoleOutput))
#12 C:\wamp64\www\pet_store\vendor\symfony\console\Application.php(240): Symfony\Component\Console\Application->doRunCommand(Object(Migrations\Command\Migrate), Object(Symfony\Component\Console\Input\ArgvInput), Object(Symfony\Component\Console\Output\ConsoleOutput))
#13 C:\wamp64\www\pet_store\vendor\symfony\console\Application.php(148): Symfony\Component\Console\Application->doRun(Object(Symfony\Component\Console\Input\ArgvInput), Object(Symfony\Component\Console\Output\ConsoleOutput))
#14 C:\wamp64\www\pet_store\vendor\cakephp\migrations\src\Shell\MigrationsShell.php(108): Symfony\Component\Console\Application->run(Object(Symfony\Component\Console\Input\ArgvInput), Object(Symfony\Component\Console\Output\ConsoleOutput))
#15 C:\wamp64\www\pet_store\vendor\cakephp\cakephp\src\Console\Shell.php(507): Migrations\Shell\MigrationsShell->main('migrations', 'migrate')
#16 C:\wamp64\www\pet_store\vendor\cakephp\migrations\src\Shell\MigrationsShell.php(164): Cake\Console\Shell->runCommand(Array, true, Array)
#17 C:\wamp64\www\pet_store\vendor\cakephp\cakephp\src\Console\CommandRunner.php(141): Migrations\Shell\MigrationsShell->runCommand(Array, true)
#18 C:\wamp64\www\pet_store\bin\cake.php(12): Cake\Console\CommandRunner->run(Array)
#19 {main}


2018-01-22 14:27:55 Warning: The connection is going to be closed but there is an active transaction.
2018-01-22 14:27:55 Warning: Warning (2): fwrite(): supplied resource is not a valid stream resource in [C:\wamp64\www\pet_store\vendor\cakephp\cakephp\src\Console\ConsoleOutput.php, line 253]
Trace:
Cake\Error\BaseErrorHandler::handleError() - CORE\src\Error\BaseErrorHandler.php, line 153
fwrite - [internal], line ??
Cake\Console\ConsoleOutput::_write() - CORE\src\Console\ConsoleOutput.php, line 253
Cake\Console\ConsoleOutput::write() - CORE\src\Console\ConsoleOutput.php, line 188
Cake\Log\Engine\ConsoleLog::log() - CORE\src\Log\Engine\ConsoleLog.php, line 94
Cake\Log\Log::write() - CORE\src\Log\Log.php, line 384
Cake\Log\Log::warning() - CORE\src\Log\Log.php, line 469
Cake\Database\Connection::__destruct() - CORE\src\Database\Connection.php, line 133
[main] - [internal], line ??



2018-01-23 12:50:15 Error: [Cake\Database\Exception] SQLSTATE[42S02]: Base table or view not found: 1146 Table 'pet_store.api/users' doesn't exist in C:\wamp64\www\pet_store\vendor\cakephp\cakephp\src\Database\Schema\Collection.php on line 131
Stack Trace:
#0 C:\wamp64\www\pet_store\vendor\cakephp\cakephp\src\Database\Schema\Collection.php(97): Cake\Database\Schema\Collection->_reflect('Column', 'api/users', Array, Object(Cake\Database\Schema\TableSchema))
#1 C:\wamp64\www\pet_store\vendor\cakephp\cakephp\src\Database\Schema\CachedCollection.php(63): Cake\Database\Schema\Collection->describe('api/users', Array)
#2 C:\wamp64\www\pet_store\vendor\cakephp\cakephp\src\ORM\Table.php(532): Cake\Database\Schema\CachedCollection->describe('api/users')
#3 C:\wamp64\www\pet_store\vendor\cakephp\cakephp\src\ORM\Table.php(653): Cake\ORM\Table->getSchema()
#4 C:\wamp64\www\pet_store\vendor\cakephp\bake\src\Shell\Task\ModelTask.php(220): Cake\ORM\Table->getPrimaryKey()
#5 C:\wamp64\www\pet_store\vendor\cakephp\bake\src\Shell\Task\ModelTask.php(130): Bake\Shell\Task\ModelTask->getAssociations(Object(Cake\ORM\Table))
#6 C:\wamp64\www\pet_store\vendor\cakephp\bake\src\Shell\Task\ModelTask.php(113): Bake\Shell\Task\ModelTask->getTableContext(Object(Cake\ORM\Table), 'api/users', 'Api/Users')
#7 C:\wamp64\www\pet_store\vendor\cakephp\bake\src\Shell\Task\ModelTask.php(100): Bake\Shell\Task\ModelTask->bake('Api/Users')
#8 C:\wamp64\www\pet_store\vendor\cakephp\bake\src\Shell\BakeShell.php(264): Bake\Shell\Task\ModelTask->main('Api/Users')
#9 C:\wamp64\www\pet_store\vendor\cakephp\cakephp\src\Collection\CollectionTrait.php(51): Bake\Shell\BakeShell->Bake\Shell\{closure}('Api/Users', 0)
#10 C:\wamp64\www\pet_store\vendor\cakephp\bake\src\Shell\BakeShell.php(265): Cake\Collection\Collection->each(Object(Closure))
#11 C:\wamp64\www\pet_store\vendor\cakephp\cakephp\src\Console\Shell.php(493): Bake\Shell\BakeShell->all('api/Users')
#12 C:\wamp64\www\pet_store\vendor\cakephp\cakephp\src\Console\CommandRunner.php(141): Cake\Console\Shell->runCommand(Array, true)
#13 C:\wamp64\www\pet_store\bin\cake.php(12): Cake\Console\CommandRunner->run(Array)
#14 {main}


2018-01-23 12:50:33 Error: [Cake\Database\Exception] SQLSTATE[42000]: Syntax error or access violation: 1064 You have an error in your SQL syntax; check the manual that corresponds to your MySQL server version for the right syntax to use near '/api/users' at line 1 in C:\wamp64\www\pet_store\vendor\cakephp\cakephp\src\Database\Schema\Collection.php on line 131
Stack Trace:
#0 C:\wamp64\www\pet_store\vendor\cakephp\cakephp\src\Database\Schema\Collection.php(97): Cake\Database\Schema\Collection->_reflect('Column', '/api/users', Array, Object(Cake\Database\Schema\TableSchema))
#1 C:\wamp64\www\pet_store\vendor\cakephp\cakephp\src\Database\Schema\CachedCollection.php(63): Cake\Database\Schema\Collection->describe('/api/users', Array)
#2 C:\wamp64\www\pet_store\vendor\cakephp\cakephp\src\ORM\Table.php(532): Cake\Database\Schema\CachedCollection->describe('/api/users')
#3 C:\wamp64\www\pet_store\vendor\cakephp\cakephp\src\ORM\Table.php(653): Cake\ORM\Table->getSchema()
#4 C:\wamp64\www\pet_store\vendor\cakephp\bake\src\Shell\Task\ModelTask.php(220): Cake\ORM\Table->getPrimaryKey()
#5 C:\wamp64\www\pet_store\vendor\cakephp\bake\src\Shell\Task\ModelTask.php(130): Bake\Shell\Task\ModelTask->getAssociations(Object(Cake\ORM\Table))
#6 C:\wamp64\www\pet_store\vendor\cakephp\bake\src\Shell\Task\ModelTask.php(113): Bake\Shell\Task\ModelTask->getTableContext(Object(Cake\ORM\Table), '/api/users', '/api/Users')
#7 C:\wamp64\www\pet_store\vendor\cakephp\bake\src\Shell\Task\ModelTask.php(100): Bake\Shell\Task\ModelTask->bake('/api/Users')
#8 C:\wamp64\www\pet_store\vendor\cakephp\bake\src\Shell\BakeShell.php(264): Bake\Shell\Task\ModelTask->main('/api/Users')
#9 C:\wamp64\www\pet_store\vendor\cakephp\cakephp\src\Collection\CollectionTrait.php(51): Bake\Shell\BakeShell->Bake\Shell\{closure}('/api/Users', 0)
#10 C:\wamp64\www\pet_store\vendor\cakephp\bake\src\Shell\BakeShell.php(265): Cake\Collection\Collection->each(Object(Closure))
#11 C:\wamp64\www\pet_store\vendor\cakephp\cakephp\src\Console\Shell.php(493): Bake\Shell\BakeShell->all('/api/Users')
#12 C:\wamp64\www\pet_store\vendor\cakephp\cakephp\src\Console\CommandRunner.php(141): Cake\Console\Shell->runCommand(Array, true)
#13 C:\wamp64\www\pet_store\bin\cake.php(12): Cake\Console\CommandRunner->run(Array)
#14 {main}


