2018-01-24 13:46:19 Notice: Notice (8): Undefined variable: router in [C:\wamp64\www\pet_store\config\routes.php, line 62]
Trace:
Cake\Error\BaseErrorHandler::handleError() - CORE\src\Error\BaseErrorHandler.php, line 153
Cake\Http\BaseApplication::{closure}() - ROOT\config\routes.php, line 62
Cake\Routing\RouteBuilder::scope() - CORE\src\Routing\RouteBuilder.php, line 948
Cake\Routing\Router::scope() - CORE\src\Routing\Router.php, line 984
require - ROOT\config\routes.php, line 85
Cake\Http\BaseApplication::routes() - CORE\src\Http\BaseApplication.php, line 74
Cake\Routing\Middleware\RoutingMiddleware::loadRoutes() - CORE\src\Routing\Middleware\RoutingMiddleware.php, line 61
Cake\Routing\Middleware\RoutingMiddleware::__invoke() - CORE\src\Routing\Middleware\RoutingMiddleware.php, line 78
Cake\Http\Runner::__invoke() - CORE\src\Http\Runner.php, line 65
Cake\Routing\Middleware\AssetMiddleware::__invoke() - CORE\src\Routing\Middleware\AssetMiddleware.php, line 97
Cake\Http\Runner::__invoke() - CORE\src\Http\Runner.php, line 65
Cake\Error\Middleware\ErrorHandlerMiddleware::__invoke() - CORE\src\Error\Middleware\ErrorHandlerMiddleware.php, line 98
Cake\Http\Runner::__invoke() - CORE\src\Http\Runner.php, line 65
DebugKit\Middleware\DebugKitMiddleware::__invoke() - ROOT\vendor\cakephp\debug_kit\src\Middleware\DebugKitMiddleware.php, line 52
Cake\Http\Runner::__invoke() - CORE\src\Http\Runner.php, line 65
Cake\Http\Runner::run() - CORE\src\Http\Runner.php, line 51
Cake\Http\Server::run() - CORE\src\Http\Server.php, line 81
[main] - ROOT\webroot\index.php, line 40



